<?xml version="1.0" encoding="UTF-8" ?>
<testsuite errors="0" failures="0" hostname="lri9-244" name="sample.UtilsJUnit3Test" tests="3" time="1.354" timestamp="2010-11-25T17:41:14">
  <properties>
[...]
</properties>
  <testcase classname="sample.UtilsJUnit3Test" name="testHelloWorld" time="0.01" />
  <testcase classname="sample.UtilsJUnit3Test" name="testWithTimeout" time="1.004" />
  <testcase classname="sample.UtilsJUnit3Test" name="testExpectedException" time="0.0010" />
  <system-out><![CDATA[* UtilsJUnit3Test: setUp() method
* UtilsJUnit3Test: test method 1 - testHelloWorld()
* UtilsJUnit3Test: tearDown() method
* UtilsJUnit3Test: setUp() method
* UtilsJUnit3Test: test method 2 - testWithTimeout()
computing 5!
5! = 120
* UtilsJUnit3Test: tearDown() method
* UtilsJUnit3Test: setUp() method
* UtilsJUnit3Test: test method 3 - testExpectedException()
* UtilsJUnit3Test: tearDown() method
]]></system-out>
  <system-err><![CDATA[]]></system-err>
</testsuite>
